{"timestamp":"2025-12-30T03:41:43.637468Z","level":"info","event":"DAG bundles loaded: dags-folder","logger":"airflow.dag_processing.bundles.manager.DagBundlesManager","filename":"manager.py","lineno":179}
{"timestamp":"2025-12-30T03:41:43.642786Z","level":"info","event":"Filling up the DagBag from /opt/airflow/dags/dag_with_catchup_and_backfill.py","logger":"airflow.models.dagbag.DagBag","filename":"dagbag.py","lineno":593}
{"timestamp":"2025-12-30T03:41:43.714673Z","level":"warning","event":"The `airflow.operators.bash.BashOperator` attribute is deprecated. Please use `'airflow.providers.standard.operators.bash.BashOperator'`.","category":"DeprecatedImportWarning","filename":"/opt/airflow/dags/dag_with_catchup_and_backfill.py","lineno":3,"logger":"py.warnings"}
{"timestamp":"2025-12-30T03:41:44.037813Z","level":"info","event":"Tmp dir root location: /tmp","logger":"airflow.task.hooks.airflow.providers.standard.hooks.subprocess.SubprocessHook","filename":"subprocess.py","lineno":78}
{"timestamp":"2025-12-30T03:41:44.039411Z","level":"info","event":"Running command: ['/usr/bin/bash', '-c', 'echo This is a simple bash command!']","logger":"airflow.task.hooks.airflow.providers.standard.hooks.subprocess.SubprocessHook","filename":"subprocess.py","lineno":80}
{"timestamp":"2025-12-30T03:41:44.051973Z","level":"info","event":"Output:","logger":"airflow.task.hooks.airflow.providers.standard.hooks.subprocess.SubprocessHook","filename":"subprocess.py","lineno":92}
{"timestamp":"2025-12-30T03:41:44.052640Z","level":"info","event":"This is a simple bash command!","logger":"airflow.task.hooks.airflow.providers.standard.hooks.subprocess.SubprocessHook","filename":"subprocess.py","lineno":99}
{"timestamp":"2025-12-30T03:41:44.053304Z","level":"info","event":"Command exited with return code 0","logger":"airflow.task.hooks.airflow.providers.standard.hooks.subprocess.SubprocessHook","filename":"subprocess.py","lineno":103}
{"timestamp":"2025-12-30T03:41:44.054567Z","level":"info","event":"Pushing xcom","ti":"RuntimeTaskInstance(id=UUID('019b6d58-ddec-72d9-8f73-94fff9332109'), task_id='task1', dag_id='dag_with_catchup_and_backfill_v02', run_id='scheduled__2025-12-30T00:00:00+00:00', try_number=1, dag_version_id=UUID('019b69f1-aaa6-7e7c-a3ae-76596eba8914'), map_index=-1, hostname='9e7270a3d887', context_carrier={}, task=<Task(BashOperator): task1>, bundle_instance=LocalDagBundle(name=dags-folder), max_tries=5, start_date=datetime.datetime(2025, 12, 30, 3, 41, 42, 856094, tzinfo=datetime.timezone.utc), end_date=None, state=<TaskInstanceState.RUNNING: 'running'>, is_mapped=False, rendered_map_index=None)","logger":"task","filename":"task_runner.py","lineno":1370}
{"timestamp":"2025-12-30T04:20:17.329796Z","level":"info","event":"DAG bundles loaded: dags-folder","logger":"airflow.dag_processing.bundles.manager.DagBundlesManager","filename":"manager.py","lineno":179}
{"timestamp":"2025-12-30T04:20:17.330989Z","level":"info","event":"Filling up the DagBag from /opt/airflow/dags/dag_with_catchup_and_backfill.py","logger":"airflow.models.dagbag.DagBag","filename":"dagbag.py","lineno":593}
{"timestamp":"2025-12-30T04:20:17.350357Z","level":"warning","event":"The `airflow.operators.bash.BashOperator` attribute is deprecated. Please use `'airflow.providers.standard.operators.bash.BashOperator'`.","category":"DeprecatedImportWarning","filename":"/opt/airflow/dags/dag_with_catchup_and_backfill.py","lineno":3,"logger":"py.warnings"}
{"timestamp":"2025-12-30T04:20:17.386523Z","level":"info","event":"Tmp dir root location: /tmp","logger":"airflow.task.hooks.airflow.providers.standard.hooks.subprocess.SubprocessHook","filename":"subprocess.py","lineno":78}
{"timestamp":"2025-12-30T04:20:17.387508Z","level":"info","event":"Running command: ['/usr/bin/bash', '-c', 'echo This is a simple bash command!']","logger":"airflow.task.hooks.airflow.providers.standard.hooks.subprocess.SubprocessHook","filename":"subprocess.py","lineno":80}
{"timestamp":"2025-12-30T04:20:17.388562Z","level":"info","event":"Output:","logger":"airflow.task.hooks.airflow.providers.standard.hooks.subprocess.SubprocessHook","filename":"subprocess.py","lineno":92}
{"timestamp":"2025-12-30T04:20:17.390602Z","level":"info","event":"This is a simple bash command!","logger":"airflow.task.hooks.airflow.providers.standard.hooks.subprocess.SubprocessHook","filename":"subprocess.py","lineno":99}
{"timestamp":"2025-12-30T04:20:17.390915Z","level":"info","event":"Command exited with return code 0","logger":"airflow.task.hooks.airflow.providers.standard.hooks.subprocess.SubprocessHook","filename":"subprocess.py","lineno":103}
{"timestamp":"2025-12-30T04:20:17.391496Z","level":"info","event":"Pushing xcom","ti":"RuntimeTaskInstance(id=UUID('019b6d7c-3c75-782a-b19e-f60ce5c5ea14'), task_id='task1', dag_id='dag_with_catchup_and_backfill_v02', run_id='scheduled__2025-12-30T00:00:00+00:00', try_number=1, dag_version_id=UUID('019b6d7c-1974-7bf2-adca-b77d2090a9cb'), map_index=-1, hostname='9e7270a3d887', context_carrier={}, task=<Task(BashOperator): task1>, bundle_instance=LocalDagBundle(name=dags-folder), max_tries=5, start_date=datetime.datetime(2025, 12, 30, 4, 20, 17, 227214, tzinfo=datetime.timezone.utc), end_date=None, state=<TaskInstanceState.RUNNING: 'running'>, is_mapped=False, rendered_map_index=None)","logger":"task","filename":"task_runner.py","lineno":1370}
{"timestamp":"2025-12-30T09:03:20.564286Z","level":"info","event":"DAG bundles loaded: dags-folder","logger":"airflow.dag_processing.bundles.manager.DagBundlesManager","filename":"manager.py","lineno":179}
{"timestamp":"2025-12-30T09:03:20.568222Z","level":"info","event":"Filling up the DagBag from /opt/airflow/dags/dag_with_catchup_and_backfill.py","logger":"airflow.models.dagbag.DagBag","filename":"dagbag.py","lineno":593}
{"timestamp":"2025-12-30T09:03:20.593801Z","level":"warning","event":"The `airflow.operators.bash.BashOperator` attribute is deprecated. Please use `'airflow.providers.standard.operators.bash.BashOperator'`.","category":"DeprecatedImportWarning","filename":"/opt/airflow/dags/dag_with_catchup_and_backfill.py","lineno":3,"logger":"py.warnings"}
{"timestamp":"2025-12-30T09:03:20.646053Z","level":"info","event":"Tmp dir root location: /tmp","logger":"airflow.task.hooks.airflow.providers.standard.hooks.subprocess.SubprocessHook","filename":"subprocess.py","lineno":78}
{"timestamp":"2025-12-30T09:03:20.648792Z","level":"info","event":"Running command: ['/usr/bin/bash', '-c', 'echo This is a simple bash command!']","logger":"airflow.task.hooks.airflow.providers.standard.hooks.subprocess.SubprocessHook","filename":"subprocess.py","lineno":80}
{"timestamp":"2025-12-30T09:03:20.656232Z","level":"info","event":"Output:","logger":"airflow.task.hooks.airflow.providers.standard.hooks.subprocess.SubprocessHook","filename":"subprocess.py","lineno":92}
{"timestamp":"2025-12-30T09:03:20.658028Z","level":"info","event":"This is a simple bash command!","logger":"airflow.task.hooks.airflow.providers.standard.hooks.subprocess.SubprocessHook","filename":"subprocess.py","lineno":99}
{"timestamp":"2025-12-30T09:03:20.658523Z","level":"info","event":"Command exited with return code 0","logger":"airflow.task.hooks.airflow.providers.standard.hooks.subprocess.SubprocessHook","filename":"subprocess.py","lineno":103}
{"timestamp":"2025-12-30T09:03:20.659341Z","level":"info","event":"Pushing xcom","ti":"RuntimeTaskInstance(id=UUID('019b6e7f-60bf-7d17-9079-666a72683cc9'), task_id='task1', dag_id='dag_with_catchup_and_backfill_v02', run_id='scheduled__2025-12-30T00:00:00+00:00', try_number=1, dag_version_id=UUID('019b6e49-1920-7743-bc66-a852f5f67db1'), map_index=-1, hostname='4000cb23d731', context_carrier={}, task=<Task(BashOperator): task1>, bundle_instance=LocalDagBundle(name=dags-folder), max_tries=5, start_date=datetime.datetime(2025, 12, 30, 9, 3, 20, 492111, tzinfo=datetime.timezone.utc), end_date=None, state=<TaskInstanceState.RUNNING: 'running'>, is_mapped=False, rendered_map_index=None)","logger":"task","filename":"task_runner.py","lineno":1370}
