{"timestamp":"2025-12-30T04:32:12.245304Z","level":"info","event":"DAG bundles loaded: dags-folder","logger":"airflow.dag_processing.bundles.manager.DagBundlesManager","filename":"manager.py","lineno":179}
{"timestamp":"2025-12-30T04:32:12.246737Z","level":"info","event":"Filling up the DagBag from /opt/airflow/dags/dag_with_cron_expression.py","logger":"airflow.models.dagbag.DagBag","filename":"dagbag.py","lineno":593}
{"timestamp":"2025-12-30T04:32:12.260447Z","level":"warning","event":"The `airflow.operators.bash.BashOperator` attribute is deprecated. Please use `'airflow.providers.standard.operators.bash.BashOperator'`.","category":"DeprecatedImportWarning","filename":"/opt/airflow/dags/dag_with_cron_expression.py","lineno":4,"logger":"py.warnings"}
{"timestamp":"2025-12-30T04:32:12.304271Z","level":"info","event":"Tmp dir root location: /tmp","logger":"airflow.task.hooks.airflow.providers.standard.hooks.subprocess.SubprocessHook","filename":"subprocess.py","lineno":78}
{"timestamp":"2025-12-30T04:32:12.305110Z","level":"info","event":"Running command: ['/usr/bin/bash', '-c', 'echo dag with cron expression!']","logger":"airflow.task.hooks.airflow.providers.standard.hooks.subprocess.SubprocessHook","filename":"subprocess.py","lineno":80}
{"timestamp":"2025-12-30T04:32:12.306142Z","level":"info","event":"Output:","logger":"airflow.task.hooks.airflow.providers.standard.hooks.subprocess.SubprocessHook","filename":"subprocess.py","lineno":92}
{"timestamp":"2025-12-30T04:32:12.307890Z","level":"info","event":"dag with cron expression!","logger":"airflow.task.hooks.airflow.providers.standard.hooks.subprocess.SubprocessHook","filename":"subprocess.py","lineno":99}
{"timestamp":"2025-12-30T04:32:12.308153Z","level":"info","event":"Command exited with return code 0","logger":"airflow.task.hooks.airflow.providers.standard.hooks.subprocess.SubprocessHook","filename":"subprocess.py","lineno":103}
{"timestamp":"2025-12-30T04:32:12.308727Z","level":"info","event":"Pushing xcom","ti":"RuntimeTaskInstance(id=UUID('019b6d87-2562-74f6-8b16-71014498e42b'), task_id='task1', dag_id='dag_with_cron_expression_v01', run_id='scheduled__2025-12-30T00:00:00+00:00', try_number=1, dag_version_id=UUID('019b6d86-ef62-703a-a788-01db9cde602a'), map_index=-1, hostname='9e7270a3d887', context_carrier={}, task=<Task(BashOperator): task1>, bundle_instance=LocalDagBundle(name=dags-folder), max_tries=5, start_date=datetime.datetime(2025, 12, 30, 4, 32, 12, 204534, tzinfo=datetime.timezone.utc), end_date=None, state=<TaskInstanceState.RUNNING: 'running'>, is_mapped=False, rendered_map_index=None)","logger":"task","filename":"task_runner.py","lineno":1370}
{"timestamp":"2025-12-30T04:36:54.589758Z","level":"info","event":"DAG bundles loaded: dags-folder","logger":"airflow.dag_processing.bundles.manager.DagBundlesManager","filename":"manager.py","lineno":179}
{"timestamp":"2025-12-30T04:36:54.590568Z","level":"info","event":"Filling up the DagBag from /opt/airflow/dags/dag_with_cron_expression.py","logger":"airflow.models.dagbag.DagBag","filename":"dagbag.py","lineno":593}
{"timestamp":"2025-12-30T04:36:54.602863Z","level":"warning","event":"The `airflow.operators.bash.BashOperator` attribute is deprecated. Please use `'airflow.providers.standard.operators.bash.BashOperator'`.","category":"DeprecatedImportWarning","filename":"/opt/airflow/dags/dag_with_cron_expression.py","lineno":4,"logger":"py.warnings"}
{"timestamp":"2025-12-30T04:36:54.633564Z","level":"info","event":"Tmp dir root location: /tmp","logger":"airflow.task.hooks.airflow.providers.standard.hooks.subprocess.SubprocessHook","filename":"subprocess.py","lineno":78}
{"timestamp":"2025-12-30T04:36:54.634189Z","level":"info","event":"Running command: ['/usr/bin/bash', '-c', 'echo dag with cron expression!']","logger":"airflow.task.hooks.airflow.providers.standard.hooks.subprocess.SubprocessHook","filename":"subprocess.py","lineno":80}
{"timestamp":"2025-12-30T04:36:54.635148Z","level":"info","event":"Output:","logger":"airflow.task.hooks.airflow.providers.standard.hooks.subprocess.SubprocessHook","filename":"subprocess.py","lineno":92}
{"timestamp":"2025-12-30T04:36:54.636494Z","level":"info","event":"dag with cron expression!","logger":"airflow.task.hooks.airflow.providers.standard.hooks.subprocess.SubprocessHook","filename":"subprocess.py","lineno":99}
{"timestamp":"2025-12-30T04:36:54.636641Z","level":"info","event":"Command exited with return code 0","logger":"airflow.task.hooks.airflow.providers.standard.hooks.subprocess.SubprocessHook","filename":"subprocess.py","lineno":103}
{"timestamp":"2025-12-30T04:36:54.637317Z","level":"info","event":"Pushing xcom","ti":"RuntimeTaskInstance(id=UUID('019b6d8b-744f-7d91-b2e9-6c8aa074dfc7'), task_id='task1', dag_id='dag_with_cron_expression_v01', run_id='scheduled__2025-12-30T00:00:00+00:00', try_number=1, dag_version_id=UUID('019b6d8b-4f7a-7f85-8708-7589e2af29ed'), map_index=-1, hostname='9e7270a3d887', context_carrier={}, task=<Task(BashOperator): task1>, bundle_instance=LocalDagBundle(name=dags-folder), max_tries=5, start_date=datetime.datetime(2025, 12, 30, 4, 36, 54, 552501, tzinfo=datetime.timezone.utc), end_date=None, state=<TaskInstanceState.RUNNING: 'running'>, is_mapped=False, rendered_map_index=None)","logger":"task","filename":"task_runner.py","lineno":1370}
{"timestamp":"2025-12-30T04:42:27.523057Z","level":"info","event":"DAG bundles loaded: dags-folder","logger":"airflow.dag_processing.bundles.manager.DagBundlesManager","filename":"manager.py","lineno":179}
{"timestamp":"2025-12-30T04:42:27.524366Z","level":"info","event":"Filling up the DagBag from /opt/airflow/dags/dag_with_cron_expression.py","logger":"airflow.models.dagbag.DagBag","filename":"dagbag.py","lineno":593}
{"timestamp":"2025-12-30T04:42:27.548540Z","level":"warning","event":"The `airflow.operators.bash.BashOperator` attribute is deprecated. Please use `'airflow.providers.standard.operators.bash.BashOperator'`.","category":"DeprecatedImportWarning","filename":"/opt/airflow/dags/dag_with_cron_expression.py","lineno":4,"logger":"py.warnings"}
{"timestamp":"2025-12-30T04:42:27.589109Z","level":"info","event":"Tmp dir root location: /tmp","logger":"airflow.task.hooks.airflow.providers.standard.hooks.subprocess.SubprocessHook","filename":"subprocess.py","lineno":78}
{"timestamp":"2025-12-30T04:42:27.590084Z","level":"info","event":"Running command: ['/usr/bin/bash', '-c', 'echo dag with cron expression!']","logger":"airflow.task.hooks.airflow.providers.standard.hooks.subprocess.SubprocessHook","filename":"subprocess.py","lineno":80}
{"timestamp":"2025-12-30T04:42:27.591270Z","level":"info","event":"Output:","logger":"airflow.task.hooks.airflow.providers.standard.hooks.subprocess.SubprocessHook","filename":"subprocess.py","lineno":92}
{"timestamp":"2025-12-30T04:42:27.594090Z","level":"info","event":"dag with cron expression!","logger":"airflow.task.hooks.airflow.providers.standard.hooks.subprocess.SubprocessHook","filename":"subprocess.py","lineno":99}
{"timestamp":"2025-12-30T04:42:27.594500Z","level":"info","event":"Command exited with return code 0","logger":"airflow.task.hooks.airflow.providers.standard.hooks.subprocess.SubprocessHook","filename":"subprocess.py","lineno":103}
{"timestamp":"2025-12-30T04:42:27.595265Z","level":"info","event":"Pushing xcom","ti":"RuntimeTaskInstance(id=UUID('019b6d90-8888-7ac5-b64c-5e64edf23c5d'), task_id='task1', dag_id='dag_with_cron_expression_v01', run_id='scheduled__2025-12-30T00:00:00+00:00', try_number=1, dag_version_id=UUID('019b6d90-645c-7f80-a3e9-918ecf32df2a'), map_index=-1, hostname='9e7270a3d887', context_carrier={}, task=<Task(BashOperator): task1>, bundle_instance=LocalDagBundle(name=dags-folder), max_tries=5, start_date=datetime.datetime(2025, 12, 30, 4, 42, 27, 457899, tzinfo=datetime.timezone.utc), end_date=None, state=<TaskInstanceState.RUNNING: 'running'>, is_mapped=False, rendered_map_index=None)","logger":"task","filename":"task_runner.py","lineno":1370}
